<?xml version="1.0" encoding="UTF-8"?>
<!-- Generated by org.testng.reporters.JUnitReportReporter -->
<testsuite skipped="0" hostname="Abdelrahman" name="tests.searchTest" tests="3" failures="0" timestamp="2021-03-03T01:50:37 EET" time="11.388" errors="0">
  <testcase name="userSearchForProduct" time="3.388" classname="tests.searchTest"/>
  <system-out/>
  <testcase name="userLogout" time="2.357" classname="tests.searchTest"/>
  <system-out/>
  <testcase name="userLoginSuccessfully" time="5.643" classname="tests.searchTest"/>
  <system-out/>
</testsuite> <!-- tests.searchTest -->
