<?xml version="1.0" encoding="UTF-8"?>
<!-- Generated by org.testng.reporters.JUnitReportReporter -->
<testsuite skipped="0" hostname="Abdelrahman" name="tests.loginTest" tests="4" failures="0" timestamp="2021-03-03T01:50:37 EET" time="17.034" errors="0">
  <testcase name="userLoginSuccessfully" time="4.417" classname="tests.loginTest"/>
  <system-out/>
  <testcase name="userLoginWithInvalidPassword" time="4.856" classname="tests.loginTest"/>
  <system-out/>
  <testcase name="userLogout" time="3.427" classname="tests.loginTest"/>
  <system-out/>
  <testcase name="userLoginWithInvalidMail" time="4.334" classname="tests.loginTest"/>
  <system-out/>
</testsuite> <!-- tests.loginTest -->
