<?xml version="1.0" encoding="UTF-8"?>
<!-- Generated by org.testng.reporters.JUnitReportReporter -->
<testsuite skipped="0" hostname="Abdelrahman" name="tests.addProductToCartTest" tests="4" failures="0" timestamp="2021-03-03T01:50:37 EET" time="23.145" errors="0">
  <testcase name="userAddProductToCart" time="2.854" classname="tests.addProductToCartTest"/>
  <system-out/>
  <testcase name="userCheckOut" time="12.788" classname="tests.addProductToCartTest"/>
  <system-out/>
  <testcase name="userSearchForProduct" time="2.076" classname="tests.addProductToCartTest"/>
  <system-out/>
  <testcase name="userLoginSuccessfully" time="5.427" classname="tests.addProductToCartTest"/>
  <system-out/>
</testsuite> <!-- tests.addProductToCartTest -->
