<?xml version="1.0" encoding="UTF-8"?>
<!-- Generated by org.testng.reporters.JUnitReportReporter -->
<testsuite skipped="0" hostname="Abdelrahman" name="tests.userRegistrationTest" tests="10" failures="0" timestamp="2021-03-03T01:50:37 EET" time="107.575" errors="0">
  <testcase name="userRegisterWithoutInsertingAddress" time="11.212" classname="tests.userRegistrationTest"/>
  <system-out/>
  <testcase name="userRegisterWithoutInsertingCity" time="11.143" classname="tests.userRegistrationTest"/>
  <system-out/>
  <testcase name="userRegisterWithoutInsertingFirstName" time="11.633" classname="tests.userRegistrationTest"/>
  <system-out/>
  <testcase name="userRegisterWithoutInsertingPassword" time="10.501" classname="tests.userRegistrationTest"/>
  <system-out/>
  <testcase name="userCanRegisterSuccessfully" time="13.974" classname="tests.userRegistrationTest"/>
  <system-out/>
  <testcase name="userRegisterWithoutInsertingPhoneNumber" time="16.484" classname="tests.userRegistrationTest"/>
  <system-out/>
  <testcase name="userRegisterWithoutInsertingLastName" time="9.373" classname="tests.userRegistrationTest"/>
  <system-out/>
  <testcase name="userLogout" time="3.008" classname="tests.userRegistrationTest"/>
  <system-out/>
  <testcase name="userRegisterWithoutInsertingPostalCode" time="14.665" classname="tests.userRegistrationTest"/>
  <system-out/>
  <testcase name="userRegisterWithRegisteredMail" time="5.582" classname="tests.userRegistrationTest"/>
  <system-out/>
</testsuite> <!-- tests.userRegistrationTest -->
